Feb 20, 2017 11:32:10 AM oracle.mds
NOTIFICATION: PManager instance is created without multitenancy support as JVM flag "oracle.multitenant.enabled" is not set to enable multitenancy support.
Feb 20, 2017 11:32:10 AM oracle.security.jps.internal.config.xml.XmlConfigurationFactory initDefaultConfiguration
SEVERE: java.io.FileNotFoundException: .\config\jps-config.xml (The system cannot find the path specified)
Feb 20, 2017 11:32:10 AM oracle.mds
NOTIFICATION: Auditing is disabled for component MDS.
Feb 20, 2017 11:32:10 AM oracle.fabric.common.wsdl.SchemaBuilder resolveWorkFlowSchemas
WARNING: Ignoring composite local workflow schema of file:/D:/J-Dev/GrnApprovalWorkflow/GrnApproval/NotificationService.xsd as there is an MDS shared version of the schema used by workflow engine oramds:/soa/shared/workflow/NotificationService.xsd
Feb 20, 2017 11:32:10 AM oracle.fabric.common.wsdl.SchemaManager isIncrementalBuildSupported
INFO: XMLSchema incremental build enabled.
Feb 20, 2017 11:32:10 AM com.collaxa.cube.CubeLogger info
INFO: validating "BP_UpdateLineApproved.bpel" ...
Feb 20, 2017 11:32:10 AM oracle.integration.platform.blocks.FabricConfigManager <clinit>
WARNING: JRF is unable to determine the current application server platform.
Feb 20, 2017 11:32:10 AM oracle.integration.platform.blocks.WLSPlatformConfigurationProvider <clinit>
WARNING: JRF is unable to determine the current application server platform.
Feb 20, 2017 11:32:11 AM com.collaxa.cube.CubeLogger info
INFO: Composed "BP_UpdateLineApproved" in 44.8 milliseconds [nodes 7=0+7, 156.1 nodes/sec]
Feb 20, 2017 11:32:14 AM com.collaxa.cube.CubeLogger info
INFO: Compiled "BP_UpdateLineApproved" in 3.628 seconds
Feb 20, 2017 11:32:14 AM com.collaxa.cube.CubeLogger info
INFO: Gathered 3 files in 0.7 milliseconds

Feb 20, 2017 11:32:14 AM com.collaxa.cube.CubeLogger info
INFO: Packaged "BP_UpdateLineApproved" in 6.5 milliseconds

Feb 20, 2017 11:32:14 AM com.collaxa.cube.CubeLogger info
INFO: validating "BPELProcessUpdateProcessLineFlag.bpel" ...
Feb 20, 2017 11:32:14 AM com.collaxa.cube.CubeLogger info
INFO: Composed "BPELProcessUpdateProcessLineFlag" in 15.8 milliseconds [nodes 7=0+7, 442.2 nodes/sec]
Feb 20, 2017 11:32:18 AM com.collaxa.cube.CubeLogger info
INFO: Compiled "BPELProcessUpdateProcessLineFlag" in 3.018 seconds
Feb 20, 2017 11:32:18 AM com.collaxa.cube.CubeLogger info
INFO: Gathered 3 files in 0.7 milliseconds

Feb 20, 2017 11:32:18 AM com.collaxa.cube.CubeLogger info
INFO: Packaged "BPELProcessUpdateProcessLineFlag" in 6.4 milliseconds

Feb 20, 2017 11:32:18 AM com.collaxa.cube.CubeLogger info
INFO: validating "BP_UpdateLineDisApp.bpel" ...
Feb 20, 2017 11:32:18 AM com.collaxa.cube.CubeLogger info
INFO: Composed "BP_UpdateLineDisApp" in 8.6 milliseconds [nodes 7=0+7, 817.0 nodes/sec]
Feb 20, 2017 11:32:21 AM com.collaxa.cube.CubeLogger info
INFO: Compiled "BP_UpdateLineDisApp" in 2.954 seconds
Feb 20, 2017 11:32:21 AM com.collaxa.cube.CubeLogger info
INFO: Gathered 3 files in 0.6 milliseconds

Feb 20, 2017 11:32:21 AM com.collaxa.cube.CubeLogger info
INFO: Packaged "BP_UpdateLineDisApp" in 5.2 milliseconds

Feb 20, 2017 11:32:21 AM com.collaxa.cube.CubeLogger info
INFO: validating "BPEL_ResetLineProcessedFlag.bpel" ...
Feb 20, 2017 11:32:21 AM com.collaxa.cube.CubeLogger info
INFO: Composed "BPEL_ResetLineProcessedFlag" in 14.0 milliseconds [nodes 7=0+7, 499.9 nodes/sec]
Feb 20, 2017 11:32:24 AM com.collaxa.cube.CubeLogger info
INFO: Compiled "BPEL_ResetLineProcessedFlag" in 2.970 seconds
Feb 20, 2017 11:32:24 AM com.collaxa.cube.CubeLogger info
INFO: Gathered 3 files in 0.7 milliseconds

Feb 20, 2017 11:32:24 AM com.collaxa.cube.CubeLogger info
INFO: Packaged "BPEL_ResetLineProcessedFlag" in 5.3 milliseconds

Feb 20, 2017 11:32:28 AM com.collaxa.cube.CubeLogger info
INFO: validating "BPELProcessSaveApprover.bpel" ...
Feb 20, 2017 11:32:28 AM com.collaxa.cube.CubeLogger info
INFO: Composed "BPELProcessSaveApprover" in 10.0 milliseconds [nodes 7=0+7, 702.4 nodes/sec]
Feb 20, 2017 11:32:31 AM com.collaxa.cube.CubeLogger info
INFO: Compiled "BPELProcessSaveApprover" in 2.942 seconds
Feb 20, 2017 11:32:31 AM com.collaxa.cube.CubeLogger info
INFO: Gathered 3 files in 0.7 milliseconds

Feb 20, 2017 11:32:31 AM com.collaxa.cube.CubeLogger info
INFO: Packaged "BPELProcessSaveApprover" in 5.1 milliseconds

Feb 20, 2017 11:32:31 AM com.collaxa.cube.CubeLogger info
INFO: validating "BPEmail.bpel" ...
Feb 20, 2017 11:32:31 AM com.collaxa.cube.CubeLogger info
INFO: Composed "BPEmail" in 21.0 milliseconds [nodes 16=1+15, 760.6 nodes/sec]
Feb 20, 2017 11:32:34 AM com.collaxa.cube.CubeLogger info
INFO: Compiled "BPEmail" in 2.977 seconds
Feb 20, 2017 11:32:34 AM com.collaxa.cube.CubeLogger info
INFO: Gathered 5 files in 0.7 milliseconds

Feb 20, 2017 11:32:34 AM com.collaxa.cube.CubeLogger info
INFO: Packaged "BPEmail" in 6.9 milliseconds

